  App.cpp
C:\Dev\ArcadeGames\ArcadeApp\ArcadeApp\src\Graphics\Screen.h(50,47): error C4430: missing type specifier - int assumed. Note: C++ does not support default-int
C:\Dev\ArcadeGames\ArcadeApp\ArcadeApp\src\Graphics\Screen.h(50,47): error C2143: syntax error: missing ',' before '&'
C:\Dev\ArcadeGames\ArcadeApp\ArcadeApp\src\Graphics\Screen.h(51,48): error C4430: missing type specifier - int assumed. Note: C++ does not support default-int
C:\Dev\ArcadeGames\ArcadeApp\ArcadeApp\src\Graphics\Screen.h(51,48): error C2143: syntax error: missing ',' before '&'
  BreakOut.cpp
C:\Dev\ArcadeGames\ArcadeApp\ArcadeApp\src\Games\BreakOut\BreakOut.cpp(198,58): warning C4244: 'argument': conversion from 'uint32_t' to 'float', possible loss of data
C:\Dev\ArcadeGames\ArcadeApp\ArcadeApp\src\Games\BreakOut\BreakOut.cpp(216,39): warning C4244: '=': conversion from 'uint32_t' to 'float', possible loss of data
C:\Dev\ArcadeGames\ArcadeApp\ArcadeApp\src\Games\BreakOut\BreakOut.cpp(219,113): warning C4244: 'argument': conversion from 'uint32_t' to 'float', possible loss of data
C:\Dev\ArcadeGames\ArcadeApp\ArcadeApp\src\Games\BreakOut\BreakOut.cpp(219,61): warning C4244: 'argument': conversion from 'uint32_t' to 'float', possible loss of data
C:\Dev\ArcadeGames\ArcadeApp\ArcadeApp\src\Games\BreakOut\BreakOut.cpp(225,45): warning C4244: 'argument': conversion from 'uint32_t' to 'float', possible loss of data
  Screen.cpp
C:\Dev\ArcadeGames\ArcadeApp\ArcadeApp\src\Graphics\Screen.h(50,47): error C4430: missing type specifier - int assumed. Note: C++ does not support default-int
C:\Dev\ArcadeGames\ArcadeApp\ArcadeApp\src\Graphics\Screen.h(50,47): error C2143: syntax error: missing ',' before '&'
C:\Dev\ArcadeGames\ArcadeApp\ArcadeApp\src\Graphics\Screen.h(51,48): error C4430: missing type specifier - int assumed. Note: C++ does not support default-int
C:\Dev\ArcadeGames\ArcadeApp\ArcadeApp\src\Graphics\Screen.h(51,48): error C2143: syntax error: missing ',' before '&'
C:\Dev\ArcadeGames\ArcadeApp\ArcadeApp\src\Graphics\Screen.cpp(170,55): warning C4244: 'argument': conversion from 'float' to 'int', possible loss of data
C:\Dev\ArcadeGames\ArcadeApp\ArcadeApp\src\Graphics\Screen.cpp(170,41): warning C4244: 'argument': conversion from 'float' to 'int', possible loss of data
C:\Dev\ArcadeGames\ArcadeApp\ArcadeApp\src\Graphics\Screen.cpp(181,10): warning C4244: 'initializing': conversion from 'float' to 'int', possible loss of data
C:\Dev\ArcadeGames\ArcadeApp\ArcadeApp\src\Graphics\Screen.cpp(182,10): warning C4244: 'initializing': conversion from 'float' to 'int', possible loss of data
C:\Dev\ArcadeGames\ArcadeApp\ArcadeApp\src\Graphics\Screen.cpp(183,10): warning C4244: 'initializing': conversion from 'float' to 'int', possible loss of data
C:\Dev\ArcadeGames\ArcadeApp\ArcadeApp\src\Graphics\Screen.cpp(184,10): warning C4244: 'initializing': conversion from 'float' to 'int', possible loss of data
C:\Dev\ArcadeGames\ArcadeApp\ArcadeApp\src\Graphics\Screen.cpp(324,30): warning C4244: 'argument': conversion from 'uint32_t' to 'float', possible loss of data
C:\Dev\ArcadeGames\ArcadeApp\ArcadeApp\src\Graphics\Screen.cpp(325,35): warning C4244: 'argument': conversion from 'uint32_t' to 'float', possible loss of data
C:\Dev\ArcadeGames\ArcadeApp\ArcadeApp\src\Graphics\Screen.cpp(326,40): warning C4244: 'argument': conversion from 'uint32_t' to 'float', possible loss of data
C:\Dev\ArcadeGames\ArcadeApp\ArcadeApp\src\Graphics\Screen.cpp(326,33): warning C4244: 'argument': conversion from 'uint32_t' to 'float', possible loss of data
C:\Dev\ArcadeGames\ArcadeApp\ArcadeApp\src\Graphics\Screen.cpp(350,77): warning C4244: 'argument': conversion from 'float' to 'unsigned int', possible loss of data
C:\Dev\ArcadeGames\ArcadeApp\ArcadeApp\src\Graphics\Screen.cpp(350,59): warning C4244: 'argument': conversion from 'float' to 'unsigned int', possible loss of data
C:\Dev\ArcadeGames\ArcadeApp\ArcadeApp\src\Graphics\Screen.cpp(359,1): error C2511: 'void Screen::Draw(const SpriteSheet &,const std::string &,const Vec2D &,const Color &)': overloaded member function not found in 'Screen'
C:\Dev\ArcadeGames\ArcadeApp\ArcadeApp\src\Graphics\Screen.h(27): message : see declaration of 'Screen'
C:\Dev\ArcadeGames\ArcadeApp\ArcadeApp\src\Graphics\Screen.cpp(360,2): error C2352: 'Screen::Draw': illegal call of non-static member function
C:\Dev\ArcadeGames\ArcadeApp\ArcadeApp\src\Graphics\Screen.cpp(310): message : see declaration of 'Screen::Draw'
C:\Dev\ArcadeGames\ArcadeApp\ArcadeApp\src\Graphics\Screen.cpp(364,1): error C2511: 'void Screen::Draw(const BitmapFont &,const std::string &,const Vec2D &,const Color &)': overloaded member function not found in 'Screen'
C:\Dev\ArcadeGames\ArcadeApp\ArcadeApp\src\Graphics\Screen.h(27): message : see declaration of 'Screen'
C:\Dev\ArcadeGames\ArcadeApp\ArcadeApp\src\Graphics\Screen.cpp(365,16): warning C4244: 'initializing': conversion from 'float' to 'uint32_t', possible loss of data
C:\Dev\ArcadeGames\ArcadeApp\ArcadeApp\src\Graphics\Screen.cpp(379,40): warning C4244: 'argument': conversion from 'uint32_t' to 'float', possible loss of data
C:\Dev\ArcadeGames\ArcadeApp\ArcadeApp\src\Graphics\Screen.cpp(379,3): error C2352: 'Screen::Draw': illegal call of non-static member function
C:\Dev\ArcadeGames\ArcadeApp\ArcadeApp\src\Graphics\Screen.cpp(310): message : see declaration of 'Screen::Draw'
C:\Dev\ArcadeGames\ArcadeApp\ArcadeApp\src\Graphics\Screen.cpp(437,18): warning C4244: 'initializing': conversion from 'float' to 'int', possible loss of data
C:\Dev\ArcadeGames\ArcadeApp\ArcadeApp\src\Graphics\Screen.cpp(486,21): warning C4244: 'initializing': conversion from '_Ty' to 'int', possible loss of data
          with
          [
              _Ty=float
          ]
  SpriteSheet.cpp
  ArcadeScene.cpp
C:\Dev\ArcadeGames\ArcadeApp\ArcadeApp\src\Scenes\ArcadeScene.cpp(7,10): fatal error C1083: Cannot open include file: 'BreakOut.h': No such file or directory
  ButtonOptionsScene.cpp
C:\Dev\ArcadeGames\ArcadeApp\ArcadeApp\src\Scenes\ButtonOptionsScene.cpp(96,49): warning C4244: 'argument': conversion from 'uint32_t' to 'float', possible loss of data
C:\Dev\ArcadeGames\ArcadeApp\ArcadeApp\src\Scenes\ButtonOptionsScene.cpp(96,29): warning C4244: 'argument': conversion from 'uint32_t' to 'float', possible loss of data
  GameScene.cpp
  NotImplementedScene.cpp
  FileCommandLoader.cpp
C:\Dev\ArcadeGames\ArcadeApp\ArcadeApp\src\Utils\FileCommandLoader.cpp(118,22): warning C4244: 'argument': conversion from 'int' to 'float', possible loss of data
C:\Dev\ArcadeGames\ArcadeApp\ArcadeApp\src\Utils\FileCommandLoader.cpp(118,15): warning C4244: 'argument': conversion from 'int' to 'float', possible loss of data
  Generating Code...
